C:\Program Files\Microsoft Visual Studio\2022\Community\MSBuild\Microsoft\VC\v170\Microsoft.CppBuild.targets(517,5): warning MSB8028: The intermediate directory (Debug\) contains files shared from another project (Win32SimpleSample.vcxproj).  This can lead to incorrect clean and rebuild behavior.
  Game.cpp
C:\Users\shane\Documents\Github\WFFC-Edit\WOFFCEdit\Game.cpp(237,57): warning C4244: 'argument': conversion from 'double' to 'float', possible loss of data
C:\Users\shane\Documents\Github\WFFC-Edit\WOFFCEdit\Game.cpp(236,57): warning C4244: 'argument': conversion from 'double' to 'float', possible loss of data
C:\Users\shane\Documents\Github\WFFC-Edit\WOFFCEdit\Game.cpp(235,97): warning C4244: 'argument': conversion from 'double' to 'float', possible loss of data
C:\Users\shane\Documents\Github\WFFC-Edit\WOFFCEdit\Game.cpp(184,10): warning C4101: 'Buffer': unreferenced local variable
C:\Users\shane\Documents\Github\WFFC-Edit\WOFFCEdit\Game.cpp(487,85): warning C4244: 'argument': conversion from 'int' to 'float', possible loss of data
C:\Users\shane\Documents\Github\WFFC-Edit\WOFFCEdit\Game.cpp(487,60): warning C4244: 'argument': conversion from 'int' to 'float', possible loss of data
C:\Users\shane\Documents\Github\WFFC-Edit\WOFFCEdit\Game.cpp(488,84): warning C4244: 'argument': conversion from 'int' to 'float', possible loss of data
C:\Users\shane\Documents\Github\WFFC-Edit\WOFFCEdit\Game.cpp(488,59): warning C4244: 'argument': conversion from 'int' to 'float', possible loss of data
C:\Users\shane\Documents\Github\WFFC-Edit\WOFFCEdit\Game.cpp(491,23): warning C4018: '<': signed/unsigned mismatch
C:\Users\shane\Documents\Github\WFFC-Edit\WOFFCEdit\Game.cpp(500,55): warning C4244: 'argument': conversion from 'double' to 'float', possible loss of data
C:\Users\shane\Documents\Github\WFFC-Edit\WOFFCEdit\Game.cpp(499,55): warning C4244: 'argument': conversion from 'double' to 'float', possible loss of data
C:\Users\shane\Documents\Github\WFFC-Edit\WOFFCEdit\Game.cpp(498,104): warning C4244: 'argument': conversion from 'double' to 'float', possible loss of data
C:\Users\shane\Documents\Github\WFFC-Edit\WOFFCEdit\Game.cpp(506,117): warning C4244: 'argument': conversion from 'LONG' to 'float', possible loss of data
C:\Users\shane\Documents\Github\WFFC-Edit\WOFFCEdit\Game.cpp(506,91): warning C4244: 'argument': conversion from 'LONG' to 'float', possible loss of data
C:\Users\shane\Documents\Github\WFFC-Edit\WOFFCEdit\Game.cpp(507,115): warning C4244: 'argument': conversion from 'LONG' to 'float', possible loss of data
C:\Users\shane\Documents\Github\WFFC-Edit\WOFFCEdit\Game.cpp(507,89): warning C4244: 'argument': conversion from 'LONG' to 'float', possible loss of data
C:\Users\shane\Documents\Github\WFFC-Edit\WOFFCEdit\Game.cpp(514,27): warning C4018: '<': signed/unsigned mismatch
  Win32SimpleSample.vcxproj -> C:\Users\shane\Documents\Github\WFFC-Edit\WOFFCEdit\Debug\WoFEdit.exe
